<?xml version="1.0" encoding="UTF-8"?>
<!-- Generated by org.testng.reporters.JUnitReportReporter -->
<testsuite hostname="LTIN468116" failures="0" tests="1" name="testCases.CabBookingPageTest" time="29.357" errors="0" timestamp="2025-07-11T15:30:08 IST" skipped="0">
  <testcase classname="testCases.CabBookingPageTest" name="verifyFromLocationInResults" time="29.357"/>
</testsuite> <!-- testCases.CabBookingPageTest -->
