<?xml version="1.0" encoding="UTF-8"?>
<!-- Generated by org.testng.reporters.JUnitReportReporter -->
<testsuite hostname="LTIN450081" failures="0" tests="5" name="testCases.HotelsPageTest" time="17.247" errors="0" timestamp="2025-07-11T10:37:52 IST" skipped="0">
  <testcase classname="testCases.HotelsPageTest" name="TC_HB_03" time="2.051"/>
  <testcase classname="testCases.HotelsPageTest" name="TC_HB_04" time="1.800"/>
  <testcase classname="testCases.HotelsPageTest" name="TC_HB_05" time="2.113"/>
  <testcase classname="testCases.HotelsPageTest" name="TC_HB_02" time="6.677"/>
  <testcase classname="testCases.HotelsPageTest" name="TC_HB_01" time="4.606"/>
</testsuite> <!-- testCases.HotelsPageTest -->
