<?xml version="1.0" encoding="UTF-8"?>
<!-- Generated by org.testng.reporters.JUnitReportReporter -->
<testsuite hostname="LTIN511425" failures="0" tests="1" name="testCases.CabBookingPageTest" time="20.160" errors="0" timestamp="2025-07-11T16:22:51 IST" skipped="0">
  <testcase classname="testCases.CabBookingPageTest" name="oneWayCabSearch" time="20.160"/>
</testsuite> <!-- testCases.CabBookingPageTest -->
